<?xml version="1.0" encoding="UTF-8"?>
<!-- Generated by org.testng.reporters.JUnitReportReporter -->
<testsuite skipped="0" hostname="LAPTOP-HKG3O693" name="com.clarion.promise.TestClass" tests="1" failures="0" timestamp="2020-04-09T18:02:16 IST" time="0.007" errors="0">
  <testcase name="TC1" time="0.007" classname="com.clarion.promise.TestClass"/>
  <system-out/>
</testsuite> <!-- com.clarion.promise.TestClass -->
